.====================================================================.
                                                                      
 .d8888b.   .o8888b.   db  .d8888b.  d8888b. d88888b d8888b.  .d888b. 
.8P    Y8. d8P    Y8   88 .8P    Y8. 88  `8D 88'     88  `8D .8P , Y8.
88      88 8P      oooo88 88      88 88oooY' 88oooo  88oobY' 88  |  88
88      88 8b      ~~~~88 88      88 88~~~b. 88~~~~  88`8b   88  |/ 88
`8b    d8' Y8b    d8   88 `8b    d8' 88   8D 88.     88 `88. `8b | d8'
 `Y8888P'   `Y8888P'   YP  `Y8888P'  Y8888P' Y88888P 88   YD  `Y888P' 
                                                                      
`========================== INSTALLATION LOG ========================'

[2017/12/19 12:07:14] Host: Windows NT DESKTOP-GVAEVEA 10.0 build 16299 (Windows 10) AMD64
[2017/12/19 12:07:14] PHP version: 7.1.9
[2017/12/19 12:07:14] Server software: Apache/2.4.27 (Win64) PHP/7.1.9
[2017/12/19 12:07:14] Operating system: WINNT
[2017/12/19 12:07:15] Memory limit: 128M
[2017/12/19 12:07:15] Max execution time: 3600
.============================ POST REQUEST ==========================.
[2017/12/19 12:07:15] Postback payload: Array
(
    [code] => phpVersion
    [handler] => onCheckRequirement
)

[2017/12/19 12:07:15] System check: phpVersion
[2017/12/19 12:07:15] Requirement phpVersion +OK
[2017/12/19 12:07:15] Execute handler (onCheckRequirement): Array
(
    [result] => 1
)

.============================ POST REQUEST ==========================.
[2017/12/19 12:07:15] Postback payload: Array
(
    [code] => curlLibrary
    [handler] => onCheckRequirement
)

[2017/12/19 12:07:15] System check: curlLibrary
[2017/12/19 12:07:15] Requirement curlLibrary +OK
[2017/12/19 12:07:15] Execute handler (onCheckRequirement): Array
(
    [result] => 1
)

.============================ POST REQUEST ==========================.
[2017/12/19 12:07:16] Postback payload: Array
(
    [code] => liveConnection
    [handler] => onCheckRequirement
)

[2017/12/19 12:07:16] System check: liveConnection
[2017/12/19 12:07:17] Server request: ping
[2017/12/19 12:07:17] Request information: Array
(
    [url] => http://octobercms.com/api/ping
    [content_type] => application/json
    [http_code] => 200
    [header_size] => 361
    [request_size] => 171
    [filetime] => -1
    [ssl_verify_result] => 0
    [redirect_count] => 0
    [total_time] => 0.765
    [namelookup_time] => 0.125
    [connect_time] => 0.14
    [pretransfer_time] => 0.14
    [size_upload] => 40
    [size_download] => 12
    [speed_download] => 12
    [speed_upload] => 40
    [download_content_length] => 12
    [upload_content_length] => 40
    [starttransfer_time] => 0.765
    [redirect_time] => 0
    [redirect_url] => 
    [primary_ip] => 104.24.112.12
    [certinfo] => Array
        (
        )

    [primary_port] => 80
    [local_ip] => 192.168.1.129
    [local_port] => 64578
)

[2017/12/19 12:07:17] Requirement liveConnection +OK
[2017/12/19 12:07:17] Execute handler (onCheckRequirement): Array
(
    [result] => 1
)

.============================ POST REQUEST ==========================.
[2017/12/19 12:07:17] Postback payload: Array
(
    [code] => writePermission
    [handler] => onCheckRequirement
)

[2017/12/19 12:07:17] System check: writePermission
[2017/12/19 12:07:17] Requirement writePermission +OK
[2017/12/19 12:07:17] Execute handler (onCheckRequirement): Array
(
    [result] => 1
)

.============================ POST REQUEST ==========================.
[2017/12/19 12:07:18] Postback payload: Array
(
    [code] => pdoLibrary
    [handler] => onCheckRequirement
)

[2017/12/19 12:07:18] System check: pdoLibrary
[2017/12/19 12:07:18] Requirement pdoLibrary +OK
[2017/12/19 12:07:18] Execute handler (onCheckRequirement): Array
(
    [result] => 1
)

.============================ POST REQUEST ==========================.
[2017/12/19 12:07:18] Postback payload: Array
(
    [code] => mbstringLibrary
    [handler] => onCheckRequirement
)

[2017/12/19 12:07:18] System check: mbstringLibrary
[2017/12/19 12:07:18] Requirement mbstringLibrary +OK
[2017/12/19 12:07:18] Execute handler (onCheckRequirement): Array
(
    [result] => 1
)

.============================ POST REQUEST ==========================.
[2017/12/19 12:07:19] Postback payload: Array
(
    [code] => fileinfoLibrary
    [handler] => onCheckRequirement
)

[2017/12/19 12:07:19] System check: fileinfoLibrary
[2017/12/19 12:07:19] Requirement fileinfoLibrary +OK
[2017/12/19 12:07:19] Execute handler (onCheckRequirement): Array
(
    [result] => 1
)

.============================ POST REQUEST ==========================.
[2017/12/19 12:07:19] Postback payload: Array
(
    [code] => sslLibrary
    [handler] => onCheckRequirement
)

[2017/12/19 12:07:19] System check: sslLibrary
[2017/12/19 12:07:19] Requirement sslLibrary +OK
[2017/12/19 12:07:19] Execute handler (onCheckRequirement): Array
(
    [result] => 1
)

.============================ POST REQUEST ==========================.
[2017/12/19 12:07:20] Postback payload: Array
(
    [code] => zipLibrary
    [handler] => onCheckRequirement
)

[2017/12/19 12:07:20] System check: zipLibrary
[2017/12/19 12:07:20] Requirement zipLibrary +OK
[2017/12/19 12:07:20] Execute handler (onCheckRequirement): Array
(
    [result] => 1
)

.============================ POST REQUEST ==========================.
[2017/12/19 12:07:20] Postback payload: Array
(
    [code] => gdLibrary
    [handler] => onCheckRequirement
)

[2017/12/19 12:07:20] System check: gdLibrary
[2017/12/19 12:07:20] Requirement gdLibrary +OK
[2017/12/19 12:07:20] Execute handler (onCheckRequirement): Array
(
    [result] => 1
)

.============================ POST REQUEST ==========================.
[2017/12/19 12:07:50] Postback payload: Array
(
    [db_type] => mysql
    [db_host] => localhost
    [db_port] => 
    [db_name] => qtec
    [db_user] => qtec_admin
    [db_pass] => *******
    [admin_first_name] => Admin
    [admin_last_name] => Person
    [admin_email] => *******@*****.com
    [admin_login] => admin
    [admin_password] => *******
    [admin_confirm_password] => *******
    [backend_uri] => /backend
    [encryption_code] => *******
    [file_mask] => 777
    [folder_mask] => 777
    [handler] => onValidateDatabase
)

.============================ POST REQUEST ==========================.
[2017/12/19 12:07:50] Postback payload: Array
(
    [db_type] => mysql
    [db_host] => localhost
    [db_port] => 
    [db_name] => qtec
    [db_user] => qtec_admin
    [db_pass] => *******
    [admin_first_name] => Admin
    [admin_last_name] => Person
    [admin_email] => *******@*****.com
    [admin_login] => admin
    [admin_password] => *******
    [admin_confirm_password] => *******
    [backend_uri] => /backend
    [encryption_code] => *******
    [file_mask] => 777
    [folder_mask] => 777
    [handler] => onValidateAdminAccount
)

[2017/12/19 12:07:50] Handler error (onValidateAdminAccount): Please specify password
[2017/12/19 12:07:50] Trace log:
#0 C:\wamp64\www\qtec\install_files\php\Installer.php(48): Installer->onValidateAdminAccount()
#1 C:\wamp64\www\qtec\install_files\php\boot.php(74): Installer->__construct()
#2 C:\wamp64\www\qtec\install.php(1): include('C:\\wamp64\\www\\q...')
#3 {main}
.============================ POST REQUEST ==========================.
[2017/12/19 12:08:56] Postback payload: Array
(
    [db_type] => mysql
    [db_host] => localhost
    [db_port] => 
    [db_name] => qtec
    [db_user] => qtec_admin
    [db_pass] => *******
    [admin_first_name] => Aaron
    [admin_last_name] => Attewell
    [admin_email] => *******@*****.com
    [admin_login] => qtec_admin
    [admin_password] => *******
    [admin_confirm_password] => *******
    [backend_uri] => /backend
    [encryption_code] => *******
    [file_mask] => 777
    [folder_mask] => 777
    [handler] => onValidateDatabase
)

.============================ POST REQUEST ==========================.
[2017/12/19 12:08:56] Postback payload: Array
(
    [db_type] => mysql
    [db_host] => localhost
    [db_port] => 
    [db_name] => qtec
    [db_user] => qtec_admin
    [db_pass] => *******
    [admin_first_name] => Aaron
    [admin_last_name] => Attewell
    [admin_email] => *******@*****.com
    [admin_login] => qtec_admin
    [admin_password] => *******
    [admin_confirm_password] => *******
    [backend_uri] => /backend
    [encryption_code] => *******
    [file_mask] => 777
    [folder_mask] => 777
    [handler] => onValidateAdminAccount
)

.============================ POST REQUEST ==========================.
[2017/12/19 12:08:56] Postback payload: Array
(
    [db_type] => mysql
    [db_host] => localhost
    [db_port] => 
    [db_name] => qtec
    [db_user] => qtec_admin
    [db_pass] => *******
    [admin_first_name] => Aaron
    [admin_last_name] => Attewell
    [admin_email] => *******@*****.com
    [admin_login] => qtec_admin
    [admin_password] => *******
    [admin_confirm_password] => *******
    [backend_uri] => /backend
    [encryption_code] => *******
    [file_mask] => 777
    [folder_mask] => 777
    [handler] => onValidateAdvancedConfig
)

.============================ POST REQUEST ==========================.
[2017/12/19 12:09:00] Postback payload: Array
(
    [step] => getMetaData
    [meta] => 
    [handler] => onInstallStep
)

[2017/12/19 12:09:00] Install step: getMetaData
[2017/12/19 12:09:00] Server request: core/install
[2017/12/19 12:09:00] Request information: Array
(
    [url] => http://octobercms.com/api/core/install
    [content_type] => application/json
    [http_code] => 200
    [header_size] => 362
    [request_size] => 179
    [filetime] => -1
    [ssl_verify_result] => 0
    [redirect_count] => 0
    [total_time] => 0.422
    [namelookup_time] => 0.016
    [connect_time] => 0.031
    [pretransfer_time] => 0.031
    [size_upload] => 40
    [size_download] => 132
    [speed_download] => 132
    [speed_upload] => 40
    [download_content_length] => 132
    [upload_content_length] => 40
    [starttransfer_time] => 0.422
    [redirect_time] => 0
    [redirect_url] => 
    [primary_ip] => 104.24.112.12
    [certinfo] => Array
        (
        )

    [primary_port] => 80
    [local_ip] => 192.168.1.129
    [local_port] => 64722
)

[2017/12/19 12:09:00] Step getMetaData +OK
[2017/12/19 12:09:00] Execute handler (onInstallStep): Array
(
    [result] => Array
        (
            [core] => Array
                (
                    [hash] => 4aaa0d68de76b8bbe1268468c447d9cb
                    [build] => 430
                    [uhash] => e7928e523b8d8a4af9fe3c7740962f82
                )

            [plugins] => Array
                (
                )

            [themes] => Array
                (
                )

        )

)

.============================ POST REQUEST ==========================.
[2017/12/19 12:09:01] Postback payload: Array
(
    [step] => downloadCore
    [meta] => Array
        (
            [core] => Array
                (
                    [hash] => 4aaa0d68de76b8bbe1268468c447d9cb
                    [build] => 430
                    [uhash] => e7928e523b8d8a4af9fe3c7740962f82
                )

        )

    [handler] => onInstallStep
)

[2017/12/19 12:09:01] Install step: downloadCore
[2017/12/19 12:09:09] Saving to file (core): C:/wamp64/www/qtec/install_files/temp/a74ad8dfacd4f985eb3977517615ce25.arc
[2017/12/19 12:09:09] Step downloadCore +OK
[2017/12/19 12:09:09] Execute handler (onInstallStep): Array
(
    [result] => 
)

.============================ POST REQUEST ==========================.
[2017/12/19 12:09:09] Postback payload: Array
(
    [step] => extractCore
    [meta] => Array
        (
            [core] => Array
                (
                    [hash] => 4aaa0d68de76b8bbe1268468c447d9cb
                    [build] => 430
                    [uhash] => e7928e523b8d8a4af9fe3c7740962f82
                )

        )

    [handler] => onInstallStep
)

[2017/12/19 12:09:09] Install step: extractCore
[2017/12/19 12:09:09] Extracting file (core): a74ad8dfacd4f985eb3977517615ce25.arc
[2017/12/19 12:10:11] Step extractCore +OK
[2017/12/19 12:10:11] Execute handler (onInstallStep): Array
(
    [result] => 1
)

.============================ POST REQUEST ==========================.
[2017/12/19 12:10:11] Postback payload: Array
(
    [step] => setupConfig
    [meta] => Array
        (
            [core] => Array
                (
                    [hash] => 4aaa0d68de76b8bbe1268468c447d9cb
                    [build] => 430
                    [uhash] => e7928e523b8d8a4af9fe3c7740962f82
                )

        )

    [db_type] => mysql
    [db_host] => localhost
    [db_port] => 
    [db_name] => qtec
    [db_user] => qtec_admin
    [db_pass] => *******
    [admin_first_name] => Aaron
    [admin_last_name] => Attewell
    [admin_email] => *******@*****.com
    [admin_login] => qtec_admin
    [admin_password] => *******
    [admin_confirm_password] => *******
    [backend_uri] => /backend
    [encryption_code] => *******
    [file_mask] => 777
    [folder_mask] => 777
    [handler] => onInstallStep
)

[2017/12/19 12:10:11] Install step: setupConfig
[2017/12/19 12:10:11] Step setupConfig +OK
[2017/12/19 12:10:11] Execute handler (onInstallStep): Array
(
    [result] => 
)

.============================ POST REQUEST ==========================.
[2017/12/19 12:10:11] Postback payload: Array
(
    [step] => createAdmin
    [meta] => Array
        (
            [core] => Array
                (
                    [hash] => 4aaa0d68de76b8bbe1268468c447d9cb
                    [build] => 430
                    [uhash] => e7928e523b8d8a4af9fe3c7740962f82
                )

        )

    [db_type] => mysql
    [db_host] => localhost
    [db_port] => 
    [db_name] => qtec
    [db_user] => qtec_admin
    [db_pass] => *******
    [admin_first_name] => Aaron
    [admin_last_name] => Attewell
    [admin_email] => *******@*****.com
    [admin_login] => qtec_admin
    [admin_password] => *******
    [admin_confirm_password] => *******
    [backend_uri] => /backend
    [encryption_code] => *******
    [file_mask] => 777
    [folder_mask] => 777
    [handler] => onInstallStep
)

[2017/12/19 12:10:11] Install step: createAdmin
[2017/12/19 12:10:14] Step createAdmin +OK
[2017/12/19 12:10:14] Execute handler (onInstallStep): Array
(
    [result] => 
)

.============================ POST REQUEST ==========================.
[2017/12/19 12:10:15] Postback payload: Array
(
    [disableLog] => 1
)

[2017/12/19 12:10:15] Install step: setupProject
[2017/12/19 12:10:15] Step setupProject +OK
[2017/12/19 12:10:15] Execute handler (onInstallStep): Array
(
    [result] => 
)

.============================ POST REQUEST ==========================.
[2017/12/19 12:10:15] Postback payload: Array
(
    [step] => finishInstall
    [meta] => Array
        (
            [core] => Array
                (
                    [hash] => 4aaa0d68de76b8bbe1268468c447d9cb
                    [build] => 430
                    [uhash] => e7928e523b8d8a4af9fe3c7740962f82
                )

        )

    [hash] => 4aaa0d68de76b8bbe1268468c447d9cb
    [build] => 430
    [uhash] => e7928e523b8d8a4af9fe3c7740962f82
    [handler] => onInstallStep
)

[2017/12/19 12:10:15] Install step: finishInstall
[2017/12/19 12:10:15] Cleaning up file: a74ad8dfacd4f985eb3977517615ce25.arc
[2017/12/19 12:10:15] Step finishInstall +OK
[2017/12/19 12:10:15] Execute handler (onInstallStep): Array
(
    [result] => 
)

